2025-10-23T21:33:05: 
> events-stepperslife@0.1.0 start
> next start -p 3004

2025-10-23T22:56:38: 2025-10-23T22:56:38: 
> events-stepperslife@0.1.0 start
> next start -p 3004

2025-10-25T17:31:38: 
2025-10-25T17:31:38: > events-stepperslife@0.1.0 start
2025-10-25T17:31:38: > next start -p 3004
2025-10-25T17:31:38: 
2025-10-25T17:31:43: 
2025-10-25T17:31:43: > events-stepperslife@0.1.0 start
2025-10-25T17:31:43: > next start -p 3004
2025-10-25T17:31:43: 
2025-10-25T17:31:47: 
2025-10-25T17:31:47: > events-stepperslife@0.1.0 start
2025-10-25T17:31:47: > next start -p 3004
2025-10-25T17:31:47: 
2025-10-25T17:31:52: 
2025-10-25T17:31:52: > events-stepperslife@0.1.0 start
2025-10-25T17:31:52: > next start -p 3004
2025-10-25T17:31:52: 
2025-10-25T17:31:56: 
2025-10-25T17:31:56: > events-stepperslife@0.1.0 start
2025-10-25T17:31:56: > next start -p 3004
2025-10-25T17:31:56: 
2025-10-25T17:32:01: 
2025-10-25T17:32:01: > events-stepperslife@0.1.0 start
2025-10-25T17:32:01: > next start -p 3004
2025-10-25T17:32:01: 
2025-10-25T17:32:05: 
2025-10-25T17:32:05: > events-stepperslife@0.1.0 start
2025-10-25T17:32:05: > next start -p 3004
2025-10-25T17:32:05: 
2025-10-25T17:32:09: 
2025-10-25T17:32:09: > events-stepperslife@0.1.0 start
2025-10-25T17:32:09: > next start -p 3004
2025-10-25T17:32:09: 
2025-10-25T17:32:14: 
2025-10-25T17:32:14: > events-stepperslife@0.1.0 start
2025-10-25T17:32:14: > next start -p 3004
2025-10-25T17:32:14: 
2025-10-25T17:32:19: 
2025-10-25T17:32:19: > events-stepperslife@0.1.0 start
2025-10-25T17:32:19: > next start -p 3004
2025-10-25T17:32:19: 
2025-10-25T17:32:23: 
2025-10-25T17:32:23: > events-stepperslife@0.1.0 start
2025-10-25T17:32:23: > next start -p 3004
2025-10-25T17:32:23: 
2025-10-25T17:32:27: 
2025-10-25T17:32:27: > events-stepperslife@0.1.0 start
2025-10-25T17:32:27: > next start -p 3004
2025-10-25T17:32:27: 
2025-10-25T17:32:32: 
2025-10-25T17:32:32: > events-stepperslife@0.1.0 start
2025-10-25T17:32:32: > next start -p 3004
2025-10-25T17:32:32: 
